2022-09-16 12:19:01,826 - Script started to sign up a new account
2022-09-16 12:19:01,898 - Driver is genrated !
2022-09-16 12:19:01,899 - ====== WebDriver manager ======
2022-09-16 12:19:01,943 - Get LATEST chromedriver version for google-chrome 105.0.5195
2022-09-16 12:19:02,296 - Driver [/home/riken/.wdm/drivers/chromedriver/linux64/105.0.5195/chromedriver] found in cache
<selenium.webdriver.chrome.webdriver.WebDriver (session="77dc971abe2cd52fbe3c3eacde16e6d1")>
2022-09-16 12:19:03,560 - Random sleep: 6 for : open driver
2022-09-16 12:19:18,828 - Found the element: email
2022-09-16 12:19:18,837 - New Genrated email : sacroikibeuwu-1789@yopmail.com 
2022-09-16 12:19:19,049 - Random sleep: 2
2022-09-16 12:19:31,478 - Cannot find the element: profile pic
2022-09-16 12:19:31,650 - Found the element: signup btn
2022-09-16 12:19:31,768 - Clicked the element: signup btn
2022-09-16 12:19:31,768 - Random sleep: 2
2022-09-16 12:19:34,522 - Random sleep: 3
2022-09-16 12:19:37,566 - Found the element: create an account btn
2022-09-16 12:19:37,762 - Clicked the element: create an account btn
2022-09-16 12:19:37,762 - Random sleep: 2
2022-09-16 12:19:39,765 - Timeout is less or equal zero: 0
2022-09-16 12:19:39,784 - Cannot find the element: open captcha model
2022-09-16 12:19:39,784 - Timeout is less or equal zero: 0
2022-09-16 12:19:39,804 - Found the element: open image classification captcha
2022-09-16 12:19:39,805 - Random sleep: 3
2022-09-16 12:19:44,004 - Image sucessfully Downloaded: /home/riken/Desktop/workspace/coinmarket/coinmarket/captcha_images/captcha_image3557_0.jpeg
2022-09-16 12:19:44,265 - Image sucessfully Downloaded: /home/riken/Desktop/workspace/coinmarket/coinmarket/captcha_images/captcha_image3557_1.jpeg
2022-09-16 12:19:44,278 - Trying to solve the captcha
2022-09-16 12:20:05,977 - Found the element: captcha Next btn
2022-09-16 12:20:06,078 - Clicked the element: captcha Next btn
2022-09-16 12:20:26,886 - Found the element: captcha Next btn
2022-09-16 12:20:27,064 - Clicked the element: captcha Next btn
2022-09-16 12:20:29,204 - Found the element: open verification input
2022-09-16 12:20:29,500 - Clicked the element: open verification input
2022-09-16 12:20:29,517 - Random sleep: 5
2022-09-16 12:20:38,255 - Found the element: get email inbox input
2022-09-16 12:20:38,554 - Inputed "sacroikibeuwu-1789@yopmail.com" for the element: get email inbox input
2022-09-16 12:20:38,573 - Found the element: go to email inboc btn
2022-09-16 12:20:39,564 - Clicked the element: go to email inboc btn
2022-09-16 12:20:49,888 - Cannot find the element: go to email inboc btn2
2022-09-16 12:21:00,393 - Cannot find the element: open inbox
2022-09-16 12:21:00,394 - Random sleep: 8
2022-09-16 12:21:22,441 - Found the element: profile pic
2022-09-16 12:21:22,441 - The user is alrady logged in
2022-09-16 12:21:22,816 - Driver is genrated !
2022-09-16 12:21:22,817 - ====== WebDriver manager ======
2022-09-16 12:21:22,922 - Get LATEST chromedriver version for google-chrome 105.0.5195
2022-09-16 12:21:23,233 - Driver [/home/riken/.wdm/drivers/chromedriver/linux64/105.0.5195/chromedriver] found in cache
<selenium.webdriver.chrome.webdriver.WebDriver (session="d9c75e71fbe538e5f73ed70f060f1ac1")>
2022-09-16 12:21:24,423 - Random sleep: 9 for : open driver
2022-09-16 12:21:42,709 - Found the element: email
2022-09-16 12:21:42,720 - New Genrated email : bruxonaufforo-7514@yopmail.com 
2022-09-16 12:21:43,140 - Random sleep: 4
2022-09-16 12:21:57,300 - Cannot find the element: profile pic
2022-09-16 12:21:57,421 - Found the element: signup btn
2022-09-16 12:21:57,539 - Clicked the element: signup btn
2022-09-16 12:21:57,540 - Random sleep: 2
2022-09-16 12:22:00,259 - Random sleep: 1
2022-09-16 12:22:01,283 - Found the element: create an account btn
2022-09-16 12:22:01,482 - Clicked the element: create an account btn
2022-09-16 12:22:01,482 - Random sleep: 1
2022-09-16 12:22:02,484 - Timeout is less or equal zero: 0
2022-09-16 12:22:02,521 - Cannot find the element: open captcha model
2022-09-16 12:22:02,521 - Timeout is less or equal zero: 0
2022-09-16 12:22:02,541 - Found the element: open image classification captcha
2022-09-16 12:22:02,541 - Random sleep: 2
2022-09-16 12:22:05,833 - Image sucessfully Downloaded: /home/riken/Desktop/workspace/coinmarket/coinmarket/captcha_images/captcha_image3558_0.jpeg
2022-09-16 12:22:06,784 - Image sucessfully Downloaded: /home/riken/Desktop/workspace/coinmarket/coinmarket/captcha_images/captcha_image3558_1.jpeg
2022-09-16 12:22:06,785 - Trying to solve the captcha
2022-09-16 12:22:28,334 - Found the element: captcha Next btn
2022-09-16 12:22:28,521 - Clicked the element: captcha Next btn
2022-09-16 12:22:48,879 - Found the element: captcha Next btn
2022-09-16 12:22:49,007 - Clicked the element: captcha Next btn
2022-09-16 12:22:51,858 - Found the element: open verification input
2022-09-16 12:22:52,115 - Clicked the element: open verification input
2022-09-16 12:22:52,132 - Random sleep: 5
2022-09-16 12:22:59,687 - Found the element: get email inbox input
2022-09-16 12:22:59,937 - Inputed "bruxonaufforo-7514@yopmail.com" for the element: get email inbox input
2022-09-16 12:22:59,963 - Found the element: go to email inboc btn
2022-09-16 12:23:01,092 - Clicked the element: go to email inboc btn
2022-09-16 12:23:11,444 - Cannot find the element: go to email inboc btn2
2022-09-16 12:23:21,808 - Cannot find the element: open inbox
2022-09-16 12:23:21,809 - Random sleep: 5
2022-09-16 12:23:40,405 - Found the element: profile pic
2022-09-16 12:23:40,406 - The user is alrady logged in
2022-09-16 12:23:40,646 - Driver is genrated !
2022-09-16 12:23:40,646 - ====== WebDriver manager ======
2022-09-16 12:23:40,684 - Get LATEST chromedriver version for google-chrome 105.0.5195
2022-09-16 12:23:41,036 - Driver [/home/riken/.wdm/drivers/chromedriver/linux64/105.0.5195/chromedriver] found in cache
<selenium.webdriver.chrome.webdriver.WebDriver (session="2fde1606144d4e461a3c9c67d056dc9d")>
2022-09-16 12:23:42,251 - Random sleep: 9 for : open driver
2022-09-16 12:24:01,441 - Found the element: email
2022-09-16 12:24:01,453 - New Genrated email : yofamoiddigra-5536@yopmail.com 
2022-09-16 12:24:01,795 - Random sleep: 2
2022-09-16 12:24:14,196 - Cannot find the element: profile pic
2022-09-16 12:24:14,314 - Found the element: signup btn
2022-09-16 12:24:14,489 - Clicked the element: signup btn
2022-09-16 12:24:14,489 - Random sleep: 1
2022-09-16 12:24:16,978 - Random sleep: 3
2022-09-16 12:24:20,032 - Found the element: create an account btn
2022-09-16 12:24:20,378 - Clicked the element: create an account btn
2022-09-16 12:24:20,379 - Random sleep: 1
2022-09-16 12:24:21,380 - Timeout is less or equal zero: 0
2022-09-16 12:24:21,438 - Cannot find the element: open captcha model
2022-09-16 12:24:21,439 - Timeout is less or equal zero: 0
2022-09-16 12:24:21,461 - Cannot find the element: open image classification captcha
2022-09-16 12:24:21,476 - Found the element: create an account btn
2022-09-16 12:24:22,609 - Message: element click intercepted: Element <button class="sc-1ebmiy2-0 dKttWP loading" disabled="">...</button> is not clickable at point (720, 440). Other element would receive the click: <div class="bcap-tipmessage-container bcap-full-size" style="display: flex;">...</div>
  (Session info: chrome=105.0.5195.102)
Stacktrace:
#0 0x561dce90d693 <unknown>
#1 0x561dce706b0a <unknown>
#2 0x561dce746f52 <unknown>
#3 0x561dce7449a0 <unknown>
#4 0x561dce741f74 <unknown>
#5 0x561dce740c97 <unknown>
#6 0x561dce734551 <unknown>
#7 0x561dce75c922 <unknown>
#8 0x561dce733d53 <unknown>
#9 0x561dce75ca8e <unknown>
#10 0x561dce7704b0 <unknown>
#11 0x561dce75c743 <unknown>
#12 0x561dce732533 <unknown>
#13 0x561dce733715 <unknown>
#14 0x561dce95d7bd <unknown>
#15 0x561dce960bf9 <unknown>
#16 0x561dce942f2e <unknown>
#17 0x561dce9619b3 <unknown>
#18 0x561dce936e4f <unknown>
#19 0x561dce980ea8 <unknown>
#20 0x561dce981052 <unknown>
#21 0x561dce99b71f <unknown>
#22 0x7fc67e35eb43 <unknown>

2022-09-16 12:24:22,609 - Random sleep: 2
2022-09-16 12:24:24,610 - Timeout is less or equal zero: 0
2022-09-16 12:24:24,630 - Cannot find the element: open captcha model
2022-09-16 12:24:24,630 - Timeout is less or equal zero: 0
2022-09-16 12:24:24,649 - Found the element: open image classification captcha
2022-09-16 12:24:24,650 - Random sleep: 2
2022-09-16 12:24:28,018 - Image sucessfully Downloaded: /home/riken/Desktop/workspace/coinmarket/coinmarket/captcha_images/captcha_image3559_0.jpeg
2022-09-16 12:24:28,243 - Image sucessfully Downloaded: /home/riken/Desktop/workspace/coinmarket/coinmarket/captcha_images/captcha_image3559_1.jpeg
2022-09-16 12:24:28,243 - Trying to solve the captcha
2022-09-16 12:24:50,021 - Found the element: captcha Next btn
2022-09-16 12:24:50,269 - Clicked the element: captcha Next btn
2022-09-16 12:25:19,623 - Found the element: captcha Next btn
2022-09-16 12:25:19,790 - Clicked the element: captcha Next btn
2022-09-16 12:25:24,200 - Message: chrome not reachable
  (Session info: chrome=105.0.5195.102)
Stacktrace:
#0 0x561dce90d693 <unknown>
#1 0x561dce7069db <unknown>
#2 0x561dce6f6904 <unknown>
#3 0x561dce6e7301 <unknown>
#4 0x561dce6ec08d <unknown>
#5 0x561dce6f12b6 <unknown>
#6 0x561dce708072 <unknown>
#7 0x561dce76fad8 <unknown>
#8 0x561dce75c743 <unknown>
#9 0x561dce732533 <unknown>
#10 0x561dce733715 <unknown>
#11 0x561dce95d7bd <unknown>
#12 0x561dce960bf9 <unknown>
#13 0x561dce942f2e <unknown>
#14 0x561dce9619b3 <unknown>
#15 0x561dce936e4f <unknown>
#16 0x561dce980ea8 <unknown>
#17 0x561dce981052 <unknown>
#18 0x561dce99b71f <unknown>
#19 0x7fc67e35eb43 <unknown>

Traceback (most recent call last):
  File "/home/riken/Desktop/workspace/coinmarket/coinmarket/manage.py", line 22, in <module>
    main()
  File "/home/riken/Desktop/workspace/coinmarket/coinmarket/manage.py", line 18, in main
    execute_from_command_line(sys.argv)
  File "/home/riken/.local/lib/python3.10/site-packages/django/core/management/__init__.py", line 446, in execute_from_command_line
    utility.execute()
  File "/home/riken/.local/lib/python3.10/site-packages/django/core/management/__init__.py", line 440, in execute
    self.fetch_command(subcommand).run_from_argv(self.argv)
  File "/home/riken/.local/lib/python3.10/site-packages/django/core/management/base.py", line 402, in run_from_argv
    self.execute(*args, **cmd_options)
  File "/home/riken/.local/lib/python3.10/site-packages/django/core/management/base.py", line 448, in execute
    output = self.handle(*args, **options)
  File "/home/riken/Desktop/workspace/coinmarket/coinmarket/home/management/commands/signup.py", line 21, in handle
    cmc_bot.sign_up()
  File "/home/riken/Desktop/workspace/coinmarket/coinmarket/home/bot.py", line 104, in sign_up
    self.verify_email()
  File "/home/riken/Desktop/workspace/coinmarket/coinmarket/home/bot.py", line 274, in verify_email
    self.switch_tab(-1)
  File "/home/riken/Desktop/workspace/coinmarket/coinmarket/home/bot.py", line 382, in switch_tab
    self.driver.switch_to.window(self.driver.window_handles[int(index)]) 
  File "/home/riken/.local/lib/python3.10/site-packages/selenium/webdriver/remote/webdriver.py", line 589, in window_handles
    return self.execute(Command.W3C_GET_WINDOW_HANDLES)['value']
  File "/home/riken/.local/lib/python3.10/site-packages/selenium/webdriver/remote/webdriver.py", line 428, in execute
    self.error_handler.check_response(response)
  File "/home/riken/.local/lib/python3.10/site-packages/selenium/webdriver/remote/errorhandler.py", line 243, in check_response
    raise exception_class(message, screen, stacktrace)
selenium.common.exceptions.WebDriverException: Message: chrome not reachable
  (Session info: chrome=105.0.5195.102)
Stacktrace:
#0 0x561dce90d693 <unknown>
#1 0x561dce7069db <unknown>
#2 0x561dce6f6904 <unknown>
#3 0x561dce6e67bd <unknown>
#4 0x561dce765647 <unknown>
#5 0x561dce75c8e8 <unknown>
#6 0x561dce732533 <unknown>
#7 0x561dce733715 <unknown>
#8 0x561dce95d7bd <unknown>
#9 0x561dce960bf9 <unknown>
#10 0x561dce942f2e <unknown>
#11 0x561dce9619b3 <unknown>
#12 0x561dce936e4f <unknown>
#13 0x561dce980ea8 <unknown>
#14 0x561dce981052 <unknown>
#15 0x561dce99b71f <unknown>
#16 0x7fc67e35eb43 <unknown>

2022-09-16 13:19:02,315 - Script started to sign up a new account
2022-09-16 13:19:02,420 - Driver is genrated !
2022-09-16 13:19:02,420 - ====== WebDriver manager ======
2022-09-16 13:19:02,467 - Get LATEST chromedriver version for google-chrome 105.0.5195
2022-09-16 13:19:02,784 - Driver [/home/riken/.wdm/drivers/chromedriver/linux64/105.0.5195/chromedriver] found in cache
<selenium.webdriver.chrome.webdriver.WebDriver (session="c1e9050879cda5d7123cdc6b968167f6")>
2022-09-16 13:19:03,874 - Random sleep: 8 for : open driver
2022-09-16 13:19:22,273 - Found the element: email
2022-09-16 13:19:22,283 - New Genrated email : parasouzosse-9161@yopmail.com 
2022-09-16 13:19:25,714 - Random sleep: 3
2022-09-16 13:19:38,979 - Cannot find the element: profile pic
2022-09-16 13:19:39,138 - Found the element: signup btn
2022-09-16 13:19:39,339 - Clicked the element: signup btn
2022-09-16 13:19:39,339 - Random sleep: 1
2022-09-16 13:19:41,402 - Random sleep: 2
2022-09-16 13:19:43,481 - Found the element: create an account btn
2022-09-16 13:19:43,708 - Clicked the element: create an account btn
2022-09-16 13:19:43,708 - Random sleep: 1
2022-09-16 13:19:44,709 - Timeout is less or equal zero: 0
2022-09-16 13:19:44,747 - Cannot find the element: open captcha model
2022-09-16 13:19:44,747 - Timeout is less or equal zero: 0
2022-09-16 13:19:44,763 - Found the element: open image classification captcha
2022-09-16 13:19:44,764 - Random sleep: 1
2022-09-16 13:19:47,116 - Image sucessfully Downloaded: /home/riken/Desktop/workspace/coinmarket/coinmarket/captcha_images/captcha_image3560_0.jpeg
2022-09-16 13:19:48,136 - Image sucessfully Downloaded: /home/riken/Desktop/workspace/coinmarket/coinmarket/captcha_images/captcha_image3560_1.jpeg
2022-09-16 13:19:48,149 - Trying to solve the captcha
2022-09-16 13:21:09,102 - Found the element: captcha Next btn
2022-09-16 13:21:09,245 - Clicked the element: captcha Next btn
2022-09-16 13:23:09,019 - Found the element: captcha Next btn
2022-09-16 13:23:09,138 - Clicked the element: captcha Next btn
2022-09-16 13:23:11,441 - Found the element: open verification input
2022-09-16 13:23:11,718 - Clicked the element: open verification input
2022-09-16 13:23:11,738 - Random sleep: 5
2022-09-16 13:23:20,543 - Found the element: get email inbox input
2022-09-16 13:23:20,769 - Inputed "parasouzosse-9161@yopmail.com" for the element: get email inbox input
2022-09-16 13:23:20,792 - Found the element: go to email inboc btn
2022-09-16 13:23:21,828 - Clicked the element: go to email inboc btn
2022-09-16 13:23:32,191 - Cannot find the element: go to email inboc btn2
2022-09-16 13:23:42,464 - Cannot find the element: open inbox
2022-09-16 13:23:42,464 - Random sleep: 9
2022-09-16 13:24:08,495 - Found the element: profile pic
2022-09-16 13:24:08,498 - The user is alrady logged in
2022-09-16 13:24:08,976 - Driver is genrated !
2022-09-16 13:24:08,976 - ====== WebDriver manager ======
2022-09-16 13:24:09,023 - Get LATEST chromedriver version for google-chrome 105.0.5195
2022-09-16 13:24:09,505 - Driver [/home/riken/.wdm/drivers/chromedriver/linux64/105.0.5195/chromedriver] found in cache
<selenium.webdriver.chrome.webdriver.WebDriver (session="ec978beb5f4400347c434ee7feaf53a1")>
2022-09-16 13:24:10,787 - Random sleep: 6 for : open driver
2022-09-16 13:24:32,877 - Found the element: email
2022-09-16 13:24:32,883 - New Genrated email : weppepesappo-7455@yopmail.com 
2022-09-16 13:24:33,079 - Random sleep: 5
2022-09-16 13:24:48,794 - Cannot find the element: profile pic
2022-09-16 13:24:48,896 - Found the element: signup btn
2022-09-16 13:24:49,033 - Clicked the element: signup btn
2022-09-16 13:24:49,034 - Random sleep: 1
2022-09-16 13:24:50,608 - Random sleep: 1
2022-09-16 13:24:51,626 - Found the element: create an account btn
2022-09-16 13:24:51,804 - Clicked the element: create an account btn
2022-09-16 13:24:51,805 - Random sleep: 1
2022-09-16 13:24:52,806 - Timeout is less or equal zero: 0
2022-09-16 13:24:52,829 - Cannot find the element: open captcha model
2022-09-16 13:24:52,829 - Timeout is less or equal zero: 0
2022-09-16 13:24:52,868 - Cannot find the element: open image classification captcha
2022-09-16 13:24:52,963 - Found the element: create an account btn
2022-09-16 13:24:54,018 - Message: element click intercepted: Element <button class="sc-1ebmiy2-0 dKttWP loading" disabled="">...</button> is not clickable at point (720, 440). Other element would receive the click: <div class="bcap-image-cell-image" style="background-image: url(&quot;https://staticrecap.cgicgi.io/image/antibot/BOX/img/20220902/10/5cb213df71224309b7dd7de6dbfdb4e2.png&quot;);">...</div>
  (Session info: chrome=105.0.5195.102)
Stacktrace:
#0 0x55a401f0c693 <unknown>
#1 0x55a401d05b0a <unknown>
#2 0x55a401d45f52 <unknown>
#3 0x55a401d439a0 <unknown>
#4 0x55a401d40f74 <unknown>
#5 0x55a401d3fc97 <unknown>
#6 0x55a401d33551 <unknown>
#7 0x55a401d5b922 <unknown>
#8 0x55a401d32d53 <unknown>
#9 0x55a401d5ba8e <unknown>
#10 0x55a401d6f4b0 <unknown>
#11 0x55a401d5b743 <unknown>
#12 0x55a401d31533 <unknown>
#13 0x55a401d32715 <unknown>
#14 0x55a401f5c7bd <unknown>
#15 0x55a401f5fbf9 <unknown>
#16 0x55a401f41f2e <unknown>
#17 0x55a401f609b3 <unknown>
#18 0x55a401f35e4f <unknown>
#19 0x55a401f7fea8 <unknown>
#20 0x55a401f80052 <unknown>
#21 0x55a401f9a71f <unknown>
#22 0x7fdbf2dc6b43 <unknown>

2022-09-16 13:24:54,018 - Random sleep: 1
2022-09-16 13:24:55,019 - Timeout is less or equal zero: 0
2022-09-16 13:24:55,061 - Cannot find the element: open captcha model
2022-09-16 13:24:55,061 - Timeout is less or equal zero: 0
2022-09-16 13:24:55,085 - Found the element: open image classification captcha
2022-09-16 13:24:55,086 - Random sleep: 1
2022-09-16 13:24:57,017 - Image sucessfully Downloaded: /home/riken/Desktop/workspace/coinmarket/coinmarket/captcha_images/captcha_image3561_0.jpeg
2022-09-16 13:24:57,261 - Image sucessfully Downloaded: /home/riken/Desktop/workspace/coinmarket/coinmarket/captcha_images/captcha_image3561_1.jpeg
2022-09-16 13:24:57,261 - Trying to solve the captcha
2022-09-16 13:26:09,068 - Found the element: captcha Next btn
2022-09-16 13:26:09,184 - Clicked the element: captcha Next btn
2022-09-16 13:27:10,294 - Found the element: captcha Next btn
2022-09-16 13:27:10,460 - Clicked the element: captcha Next btn
2022-09-16 13:27:12,816 - Found the element: open verification input
2022-09-16 13:27:13,045 - Clicked the element: open verification input
2022-09-16 13:27:13,098 - Random sleep: 7
2022-09-16 13:27:23,199 - Found the element: get email inbox input
2022-09-16 13:27:23,429 - Inputed "weppepesappo-7455@yopmail.com" for the element: get email inbox input
2022-09-16 13:27:23,447 - Found the element: go to email inboc btn
2022-09-16 13:27:24,515 - Clicked the element: go to email inboc btn
2022-09-16 13:27:35,069 - Cannot find the element: go to email inboc btn2
2022-09-16 13:27:45,579 - Cannot find the element: open inbox
2022-09-16 13:27:45,580 - Random sleep: 9
2022-09-16 13:28:08,012 - Found the element: profile pic
2022-09-16 13:28:08,013 - The user is alrady logged in
2022-09-16 13:28:08,480 - Driver is genrated !
2022-09-16 13:28:08,480 - ====== WebDriver manager ======
2022-09-16 13:28:08,520 - Get LATEST chromedriver version for google-chrome 105.0.5195
2022-09-16 13:28:08,879 - Driver [/home/riken/.wdm/drivers/chromedriver/linux64/105.0.5195/chromedriver] found in cache
<selenium.webdriver.chrome.webdriver.WebDriver (session="ebbc5020efe633c15e4280b49ee1e8ef")>
2022-09-16 13:28:09,982 - Random sleep: 10 for : open driver
2022-09-16 13:28:36,428 - Found the element: email
2022-09-16 13:28:36,433 - New Genrated email : weuddacuffiddou-3587@yopmail.com 
2022-09-16 13:28:40,385 - Random sleep: 2
2022-09-16 13:28:52,436 - Cannot find the element: profile pic
2022-09-16 13:28:52,547 - Found the element: signup btn
2022-09-16 13:28:52,664 - Clicked the element: signup btn
2022-09-16 13:28:52,664 - Random sleep: 2
2022-09-16 13:28:55,449 - Random sleep: 3
2022-09-16 13:28:58,474 - Found the element: create an account btn
2022-09-16 13:28:58,729 - Clicked the element: create an account btn
2022-09-16 13:28:58,729 - Random sleep: 2
2022-09-16 13:29:00,730 - Timeout is less or equal zero: 0
2022-09-16 13:29:00,759 - Cannot find the element: open captcha model
2022-09-16 13:29:00,759 - Timeout is less or equal zero: 0
2022-09-16 13:29:00,782 - Found the element: open image classification captcha
2022-09-16 13:29:00,782 - Random sleep: 1
2022-09-16 13:29:02,883 - Image sucessfully Downloaded: /home/riken/Desktop/workspace/coinmarket/coinmarket/captcha_images/captcha_image3562_0.jpeg
2022-09-16 13:29:04,031 - Image sucessfully Downloaded: /home/riken/Desktop/workspace/coinmarket/coinmarket/captcha_images/captcha_image3562_1.jpeg
2022-09-16 13:29:04,033 - Trying to solve the captcha
Traceback (most recent call last):
  File "/home/riken/Desktop/workspace/coinmarket/coinmarket/manage.py", line 22, in <module>
    main()
  File "/home/riken/Desktop/workspace/coinmarket/coinmarket/manage.py", line 18, in main
    execute_from_command_line(sys.argv)
  File "/home/riken/.local/lib/python3.10/site-packages/django/core/management/__init__.py", line 446, in execute_from_command_line
    utility.execute()
  File "/home/riken/.local/lib/python3.10/site-packages/django/core/management/__init__.py", line 440, in execute
    self.fetch_command(subcommand).run_from_argv(self.argv)
  File "/home/riken/.local/lib/python3.10/site-packages/django/core/management/base.py", line 402, in run_from_argv
    self.execute(*args, **cmd_options)
  File "/home/riken/.local/lib/python3.10/site-packages/django/core/management/base.py", line 448, in execute
    output = self.handle(*args, **options)
  File "/home/riken/Desktop/workspace/coinmarket/coinmarket/home/management/commands/signup.py", line 21, in handle
    cmc_bot.sign_up()
  File "/home/riken/Desktop/workspace/coinmarket/coinmarket/home/bot.py", line 100, in sign_up
    self.solving_captcha()
  File "/home/riken/Desktop/workspace/coinmarket/coinmarket/home/bot.py", line 205, in solving_captcha
    if require_captcha_image == response_json['response'].strip() :
KeyError: 'response'
